  [1m[36mActiveRecord::SchemaMigration Load (0.9ms)[0m  [1mSELECT "schema_migrations".* FROM "schema_migrations"[0m
Migrating to RenameTables (20151111055553)
  [1m[35m (0.1ms)[0m  BEGIN
  [1m[36m (1.2ms)[0m  [1mALTER TABLE "accounts" RENAME TO "budget_accounts"[0m
  [1m[35m (0.5ms)[0m  ALTER TABLE "public"."accounts_id_seq" RENAME TO "budget_accounts_id_seq"
  [1m[36m (0.1ms)[0m  [1mALTER INDEX "accounts_pkey" RENAME TO "budget_accounts_pkey"[0m
  [1m[35m (0.2ms)[0m  ALTER TABLE "categories" RENAME TO "budget_categories"
  [1m[36m (0.1ms)[0m  [1mALTER TABLE "public"."categories_id_seq" RENAME TO "budget_categories_id_seq"[0m
  [1m[35m (0.1ms)[0m  ALTER INDEX "categories_pkey" RENAME TO "budget_categories_pkey"
  [1m[36m (0.2ms)[0m  [1mALTER INDEX "index_categories_on_depth" RENAME TO "index_budget_categories_on_depth"[0m
  [1m[35m (0.1ms)[0m  ALTER INDEX "index_categories_on_lft" RENAME TO "index_budget_categories_on_lft"
  [1m[36m (0.1ms)[0m  [1mALTER INDEX "index_categories_on_parent_id" RENAME TO "index_budget_categories_on_parent_id"[0m
  [1m[35m (0.1ms)[0m  ALTER INDEX "index_categories_on_rgt" RENAME TO "index_budget_categories_on_rgt"
  [1m[36m (0.4ms)[0m  [1mALTER TABLE "import_services" RENAME TO "budget_import_services"[0m
  [1m[35m (0.2ms)[0m  ALTER TABLE "public"."import_services_id_seq" RENAME TO "budget_import_services_id_seq"
  [1m[36m (0.2ms)[0m  [1mALTER INDEX "import_services_pkey" RENAME TO "budget_import_services_pkey"[0m
  [1m[35m (0.2ms)[0m  ALTER TABLE "importable_accounts" RENAME TO "budget_importable_accounts"
  [1m[36m (0.2ms)[0m  [1mALTER TABLE "public"."importable_accounts_id_seq" RENAME TO "budget_importable_accounts_id_seq"[0m
  [1m[35m (0.2ms)[0m  ALTER INDEX "importable_accounts_pkey" RENAME TO "budget_importable_accounts_pkey"
PG::UndefinedTable: ERROR:  relation "importable_accounts_pkey" does not exist
: ALTER INDEX "importable_accounts_pkey" RENAME TO "budget_importable_accounts_pkey"
  [1m[36m (0.0ms)[0m  [1mROLLBACK[0m
  [1m[36mActiveRecord::SchemaMigration Load (0.2ms)[0m  [1mSELECT "schema_migrations".* FROM "schema_migrations"[0m
Migrating to RenameTables (20151111055553)
  [1m[35m (0.1ms)[0m  BEGIN
  [1m[36m (0.4ms)[0m  [1mALTER TABLE "accounts" RENAME TO "budget_accounts"[0m
  [1m[35m (0.2ms)[0m  ALTER TABLE "public"."accounts_id_seq" RENAME TO "budget_accounts_id_seq"
  [1m[36m (0.2ms)[0m  [1mALTER INDEX "accounts_pkey" RENAME TO "budget_accounts_pkey"[0m
  [1m[35m (0.1ms)[0m  ALTER TABLE "categories" RENAME TO "budget_categories"
  [1m[36m (0.1ms)[0m  [1mALTER TABLE "public"."categories_id_seq" RENAME TO "budget_categories_id_seq"[0m
  [1m[35m (0.1ms)[0m  ALTER INDEX "categories_pkey" RENAME TO "budget_categories_pkey"
  [1m[36m (0.1ms)[0m  [1mALTER INDEX "index_categories_on_depth" RENAME TO "index_budget_categories_on_depth"[0m
  [1m[35m (0.1ms)[0m  ALTER INDEX "index_categories_on_lft" RENAME TO "index_budget_categories_on_lft"
  [1m[36m (0.1ms)[0m  [1mALTER INDEX "index_categories_on_parent_id" RENAME TO "index_budget_categories_on_parent_id"[0m
  [1m[35m (0.1ms)[0m  ALTER INDEX "index_categories_on_rgt" RENAME TO "index_budget_categories_on_rgt"
  [1m[36m (0.1ms)[0m  [1mALTER TABLE "import_services" RENAME TO "budget_import_services"[0m
  [1m[35m (0.1ms)[0m  ALTER TABLE "public"."import_services_id_seq" RENAME TO "budget_import_services_id_seq"
  [1m[36m (0.1ms)[0m  [1mALTER INDEX "import_services_pkey" RENAME TO "budget_import_services_pkey"[0m
  [1m[35m (0.1ms)[0m  ALTER TABLE "importable_accounts" RENAME TO "budget_importable_accounts"
  [1m[36m (0.1ms)[0m  [1mALTER TABLE "public"."importable_accounts_id_seq" RENAME TO "budget_importable_accounts_id_seq"[0m
  [1m[35m (0.2ms)[0m  ALTER INDEX "importable_accounts_pkey" RENAME TO "budget_importable_accounts_pkey"
PG::UndefinedTable: ERROR:  relation "importable_accounts_pkey" does not exist
: ALTER INDEX "importable_accounts_pkey" RENAME TO "budget_importable_accounts_pkey"
  [1m[36m (0.0ms)[0m  [1mROLLBACK[0m
  [1m[36mActiveRecord::SchemaMigration Load (0.2ms)[0m  [1mSELECT "schema_migrations".* FROM "schema_migrations"[0m
Migrating to RenameTables (20151111055553)
  [1m[35m (0.1ms)[0m  BEGIN
  [1m[36m (0.2ms)[0m  [1mALTER TABLE "accounts" RENAME TO "budget_accounts"[0m
  [1m[35m (0.2ms)[0m  ALTER TABLE "public"."accounts_id_seq" RENAME TO "budget_accounts_id_seq"
  [1m[36m (0.1ms)[0m  [1mALTER INDEX "accounts_pkey" RENAME TO "budget_accounts_pkey"[0m
  [1m[35m (0.1ms)[0m  ALTER TABLE "categories" RENAME TO "budget_categories"
  [1m[36m (0.1ms)[0m  [1mALTER TABLE "public"."categories_id_seq" RENAME TO "budget_categories_id_seq"[0m
  [1m[35m (0.1ms)[0m  ALTER INDEX "categories_pkey" RENAME TO "budget_categories_pkey"
  [1m[36m (0.1ms)[0m  [1mALTER INDEX "index_categories_on_depth" RENAME TO "index_budget_categories_on_depth"[0m
  [1m[35m (0.1ms)[0m  ALTER INDEX "index_categories_on_lft" RENAME TO "index_budget_categories_on_lft"
  [1m[36m (0.1ms)[0m  [1mALTER INDEX "index_categories_on_parent_id" RENAME TO "index_budget_categories_on_parent_id"[0m
  [1m[35m (0.1ms)[0m  ALTER INDEX "index_categories_on_rgt" RENAME TO "index_budget_categories_on_rgt"
  [1m[36m (0.1ms)[0m  [1mALTER TABLE "import_services" RENAME TO "budget_import_services"[0m
  [1m[35m (0.1ms)[0m  ALTER TABLE "public"."import_services_id_seq" RENAME TO "budget_import_services_id_seq"
  [1m[36m (0.1ms)[0m  [1mALTER INDEX "import_services_pkey" RENAME TO "budget_import_services_pkey"[0m
  [1m[35m (0.2ms)[0m  ALTER TABLE "importable_accounts" RENAME TO "budget_importable_accounts"
  [1m[36m (0.1ms)[0m  [1mALTER TABLE "public"."importable_accounts_id_seq" RENAME TO "budget_importable_accounts_id_seq"[0m
  [1m[35m (0.1ms)[0m  ALTER INDEX "importable_accounts_pkey" RENAME TO "budget_importable_accounts_pkey"
  [1m[36m (0.1ms)[0m  [1mALTER INDEX "index_importable_accounts_on_source_id" RENAME TO "index_budget_importable_accounts_on_source_id"[0m
  [1m[35m (0.2ms)[0m  ALTER TABLE "importable_categories" RENAME TO "budget_importable_categories"
  [1m[36m (0.1ms)[0m  [1mALTER TABLE "public"."importable_categories_id_seq" RENAME TO "budget_importable_categories_id_seq"[0m
  [1m[35m (0.3ms)[0m  ALTER INDEX "importable_categories_pkey" RENAME TO "budget_importable_categories_pkey"
PG::UndefinedTable: ERROR:  relation "importable_categories_pkey" does not exist
: ALTER INDEX "importable_categories_pkey" RENAME TO "budget_importable_categories_pkey"
  [1m[36m (0.1ms)[0m  [1mROLLBACK[0m
  [1m[36mActiveRecord::SchemaMigration Load (0.2ms)[0m  [1mSELECT "schema_migrations".* FROM "schema_migrations"[0m
Migrating to RenameTables (20151111055553)
  [1m[35m (0.1ms)[0m  BEGIN
  [1m[36m (0.2ms)[0m  [1mALTER TABLE "accounts" RENAME TO "budget_accounts"[0m
  [1m[35m (0.2ms)[0m  ALTER TABLE "public"."accounts_id_seq" RENAME TO "budget_accounts_id_seq"
  [1m[36m (0.2ms)[0m  [1mALTER INDEX "accounts_pkey" RENAME TO "budget_accounts_pkey"[0m
  [1m[35m (0.1ms)[0m  ALTER TABLE "categories" RENAME TO "budget_categories"
  [1m[36m (0.1ms)[0m  [1mALTER TABLE "public"."categories_id_seq" RENAME TO "budget_categories_id_seq"[0m
  [1m[35m (0.1ms)[0m  ALTER INDEX "categories_pkey" RENAME TO "budget_categories_pkey"
  [1m[36m (0.1ms)[0m  [1mALTER INDEX "index_categories_on_depth" RENAME TO "index_budget_categories_on_depth"[0m
  [1m[35m (0.1ms)[0m  ALTER INDEX "index_categories_on_lft" RENAME TO "index_budget_categories_on_lft"
  [1m[36m (0.2ms)[0m  [1mALTER INDEX "index_categories_on_parent_id" RENAME TO "index_budget_categories_on_parent_id"[0m
  [1m[35m (0.2ms)[0m  ALTER INDEX "index_categories_on_rgt" RENAME TO "index_budget_categories_on_rgt"
  [1m[36m (0.2ms)[0m  [1mALTER TABLE "import_services" RENAME TO "budget_import_services"[0m
  [1m[35m (0.1ms)[0m  ALTER TABLE "public"."import_services_id_seq" RENAME TO "budget_import_services_id_seq"
  [1m[36m (0.1ms)[0m  [1mALTER INDEX "import_services_pkey" RENAME TO "budget_import_services_pkey"[0m
  [1m[35m (0.2ms)[0m  ALTER TABLE "importable_accounts" RENAME TO "budget_importable_accounts"
  [1m[36m (0.2ms)[0m  [1mALTER TABLE "public"."importable_accounts_id_seq" RENAME TO "budget_importable_accounts_id_seq"[0m
  [1m[35m (0.1ms)[0m  ALTER INDEX "importable_accounts_pkey" RENAME TO "budget_importable_accounts_pkey"
  [1m[36m (0.1ms)[0m  [1mALTER INDEX "index_importable_accounts_on_source_id" RENAME TO "index_budget_importable_accounts_on_source_id"[0m
  [1m[35m (0.2ms)[0m  ALTER TABLE "importable_categories" RENAME TO "budget_importable_categories"
  [1m[36m (0.1ms)[0m  [1mALTER TABLE "public"."importable_categories_id_seq" RENAME TO "budget_importable_categories_id_seq"[0m
  [1m[35m (0.1ms)[0m  ALTER INDEX "importable_categories_pkey" RENAME TO "budget_importable_categories_pkey"
  [1m[36m (1.0ms)[0m  [1mALTER TABLE "importable_transactions" RENAME TO "budget_importable_transactions"[0m
  [1m[35m (0.1ms)[0m  ALTER TABLE "public"."importable_transactions_id_seq" RENAME TO "budget_importable_transactions_id_seq"
  [1m[36m (0.1ms)[0m  [1mALTER INDEX "importable_transactions_pkey" RENAME TO "budget_importable_transactions_pkey"[0m
  [1m[35m (0.1ms)[0m  ALTER INDEX "index_importable_transactions_on_source_id" RENAME TO "index_budget_importable_transactions_on_source_id"
  [1m[36m (0.2ms)[0m  [1mALTER TABLE "preferences" RENAME TO "budget_preferences"[0m
  [1m[35m (0.1ms)[0m  ALTER TABLE "public"."preferences_id_seq" RENAME TO "budget_preferences_id_seq"
  [1m[36m (0.1ms)[0m  [1mALTER INDEX "preferences_pkey" RENAME TO "budget_preferences_pkey"[0m
  [1m[35m (0.1ms)[0m  ALTER TABLE "transactions" RENAME TO "budget_transactions"
  [1m[36m (0.1ms)[0m  [1mALTER TABLE "public"."transactions_id_seq" RENAME TO "budget_transactions_id_seq"[0m
  [1m[35m (0.1ms)[0m  ALTER INDEX "transactions_pkey" RENAME TO "budget_transactions_pkey"
  [1m[36m (0.1ms)[0m  [1mALTER INDEX "index_transactions_on_account_id" RENAME TO "index_budget_transactions_on_account_id"[0m
  [1m[35m (0.1ms)[0m  ALTER INDEX "index_transactions_on_category_id" RENAME TO "index_budget_transactions_on_category_id"
  [1m[36m (0.1ms)[0m  [1mALTER INDEX "index_transactions_on_transfer_id" RENAME TO "index_budget_transactions_on_transfer_id"[0m
  [1m[35mSQL (0.2ms)[0m  INSERT INTO "schema_migrations" ("version") VALUES ($1)  [["version", "20151111055553"]]
  [1m[36m (6.6ms)[0m  [1mCOMMIT[0m
  [1m[35mActiveRecord::SchemaMigration Load (0.2ms)[0m  SELECT "schema_migrations".* FROM "schema_migrations"
  [1m[36m (1.6ms)[0m  [1mSELECT t2.oid::regclass::text AS to_table, a1.attname AS column, a2.attname AS primary_key, c.conname AS name, c.confupdtype AS on_update, c.confdeltype AS on_delete
FROM pg_constraint c
JOIN pg_class t1 ON c.conrelid = t1.oid
JOIN pg_class t2 ON c.confrelid = t2.oid
JOIN pg_attribute a1 ON a1.attnum = c.conkey[1] AND a1.attrelid = t1.oid
JOIN pg_attribute a2 ON a2.attnum = c.confkey[1] AND a2.attrelid = t2.oid
JOIN pg_namespace t3 ON c.connamespace = t3.oid
WHERE c.contype = 'f'
  AND t1.relname = 'budget_accounts'
  AND t3.nspname = ANY (current_schemas(false))
ORDER BY c.conname
[0m
  [1m[35m (1.6ms)[0m  SELECT t2.oid::regclass::text AS to_table, a1.attname AS column, a2.attname AS primary_key, c.conname AS name, c.confupdtype AS on_update, c.confdeltype AS on_delete
FROM pg_constraint c
JOIN pg_class t1 ON c.conrelid = t1.oid
JOIN pg_class t2 ON c.confrelid = t2.oid
JOIN pg_attribute a1 ON a1.attnum = c.conkey[1] AND a1.attrelid = t1.oid
JOIN pg_attribute a2 ON a2.attnum = c.confkey[1] AND a2.attrelid = t2.oid
JOIN pg_namespace t3 ON c.connamespace = t3.oid
WHERE c.contype = 'f'
  AND t1.relname = 'budget_categories'
  AND t3.nspname = ANY (current_schemas(false))
ORDER BY c.conname

  [1m[36m (1.9ms)[0m  [1mSELECT t2.oid::regclass::text AS to_table, a1.attname AS column, a2.attname AS primary_key, c.conname AS name, c.confupdtype AS on_update, c.confdeltype AS on_delete
FROM pg_constraint c
JOIN pg_class t1 ON c.conrelid = t1.oid
JOIN pg_class t2 ON c.confrelid = t2.oid
JOIN pg_attribute a1 ON a1.attnum = c.conkey[1] AND a1.attrelid = t1.oid
JOIN pg_attribute a2 ON a2.attnum = c.confkey[1] AND a2.attrelid = t2.oid
JOIN pg_namespace t3 ON c.connamespace = t3.oid
WHERE c.contype = 'f'
  AND t1.relname = 'budget_import_services'
  AND t3.nspname = ANY (current_schemas(false))
ORDER BY c.conname
[0m
  [1m[35m (1.6ms)[0m  SELECT t2.oid::regclass::text AS to_table, a1.attname AS column, a2.attname AS primary_key, c.conname AS name, c.confupdtype AS on_update, c.confdeltype AS on_delete
FROM pg_constraint c
JOIN pg_class t1 ON c.conrelid = t1.oid
JOIN pg_class t2 ON c.confrelid = t2.oid
JOIN pg_attribute a1 ON a1.attnum = c.conkey[1] AND a1.attrelid = t1.oid
JOIN pg_attribute a2 ON a2.attnum = c.confkey[1] AND a2.attrelid = t2.oid
JOIN pg_namespace t3 ON c.connamespace = t3.oid
WHERE c.contype = 'f'
  AND t1.relname = 'budget_importable_accounts'
  AND t3.nspname = ANY (current_schemas(false))
ORDER BY c.conname

  [1m[36m (2.2ms)[0m  [1mSELECT t2.oid::regclass::text AS to_table, a1.attname AS column, a2.attname AS primary_key, c.conname AS name, c.confupdtype AS on_update, c.confdeltype AS on_delete
FROM pg_constraint c
JOIN pg_class t1 ON c.conrelid = t1.oid
JOIN pg_class t2 ON c.confrelid = t2.oid
JOIN pg_attribute a1 ON a1.attnum = c.conkey[1] AND a1.attrelid = t1.oid
JOIN pg_attribute a2 ON a2.attnum = c.confkey[1] AND a2.attrelid = t2.oid
JOIN pg_namespace t3 ON c.connamespace = t3.oid
WHERE c.contype = 'f'
  AND t1.relname = 'budget_importable_categories'
  AND t3.nspname = ANY (current_schemas(false))
ORDER BY c.conname
[0m
  [1m[35m (1.7ms)[0m  SELECT t2.oid::regclass::text AS to_table, a1.attname AS column, a2.attname AS primary_key, c.conname AS name, c.confupdtype AS on_update, c.confdeltype AS on_delete
FROM pg_constraint c
JOIN pg_class t1 ON c.conrelid = t1.oid
JOIN pg_class t2 ON c.confrelid = t2.oid
JOIN pg_attribute a1 ON a1.attnum = c.conkey[1] AND a1.attrelid = t1.oid
JOIN pg_attribute a2 ON a2.attnum = c.confkey[1] AND a2.attrelid = t2.oid
JOIN pg_namespace t3 ON c.connamespace = t3.oid
WHERE c.contype = 'f'
  AND t1.relname = 'budget_importable_transactions'
  AND t3.nspname = ANY (current_schemas(false))
ORDER BY c.conname

  [1m[36m (1.7ms)[0m  [1mSELECT t2.oid::regclass::text AS to_table, a1.attname AS column, a2.attname AS primary_key, c.conname AS name, c.confupdtype AS on_update, c.confdeltype AS on_delete
FROM pg_constraint c
JOIN pg_class t1 ON c.conrelid = t1.oid
JOIN pg_class t2 ON c.confrelid = t2.oid
JOIN pg_attribute a1 ON a1.attnum = c.conkey[1] AND a1.attrelid = t1.oid
JOIN pg_attribute a2 ON a2.attnum = c.confkey[1] AND a2.attrelid = t2.oid
JOIN pg_namespace t3 ON c.connamespace = t3.oid
WHERE c.contype = 'f'
  AND t1.relname = 'budget_preferences'
  AND t3.nspname = ANY (current_schemas(false))
ORDER BY c.conname
[0m
  [1m[35m (1.6ms)[0m  SELECT t2.oid::regclass::text AS to_table, a1.attname AS column, a2.attname AS primary_key, c.conname AS name, c.confupdtype AS on_update, c.confdeltype AS on_delete
FROM pg_constraint c
JOIN pg_class t1 ON c.conrelid = t1.oid
JOIN pg_class t2 ON c.confrelid = t2.oid
JOIN pg_attribute a1 ON a1.attnum = c.conkey[1] AND a1.attrelid = t1.oid
JOIN pg_attribute a2 ON a2.attnum = c.confkey[1] AND a2.attrelid = t2.oid
JOIN pg_namespace t3 ON c.connamespace = t3.oid
WHERE c.contype = 'f'
  AND t1.relname = 'budget_transactions'
  AND t3.nspname = ANY (current_schemas(false))
ORDER BY c.conname

  [1m[36mActiveRecord::SchemaMigration Load (0.3ms)[0m  [1mSELECT "schema_migrations".* FROM "schema_migrations"[0m
  [1m[35m (1.6ms)[0m  SELECT t2.oid::regclass::text AS to_table, a1.attname AS column, a2.attname AS primary_key, c.conname AS name, c.confupdtype AS on_update, c.confdeltype AS on_delete
FROM pg_constraint c
JOIN pg_class t1 ON c.conrelid = t1.oid
JOIN pg_class t2 ON c.confrelid = t2.oid
JOIN pg_attribute a1 ON a1.attnum = c.conkey[1] AND a1.attrelid = t1.oid
JOIN pg_attribute a2 ON a2.attnum = c.confkey[1] AND a2.attrelid = t2.oid
JOIN pg_namespace t3 ON c.connamespace = t3.oid
WHERE c.contype = 'f'
  AND t1.relname = 'budget_accounts'
  AND t3.nspname = ANY (current_schemas(false))
ORDER BY c.conname

  [1m[36m (1.4ms)[0m  [1mSELECT t2.oid::regclass::text AS to_table, a1.attname AS column, a2.attname AS primary_key, c.conname AS name, c.confupdtype AS on_update, c.confdeltype AS on_delete
FROM pg_constraint c
JOIN pg_class t1 ON c.conrelid = t1.oid
JOIN pg_class t2 ON c.confrelid = t2.oid
JOIN pg_attribute a1 ON a1.attnum = c.conkey[1] AND a1.attrelid = t1.oid
JOIN pg_attribute a2 ON a2.attnum = c.confkey[1] AND a2.attrelid = t2.oid
JOIN pg_namespace t3 ON c.connamespace = t3.oid
WHERE c.contype = 'f'
  AND t1.relname = 'budget_categories'
  AND t3.nspname = ANY (current_schemas(false))
ORDER BY c.conname
[0m
  [1m[35m (1.5ms)[0m  SELECT t2.oid::regclass::text AS to_table, a1.attname AS column, a2.attname AS primary_key, c.conname AS name, c.confupdtype AS on_update, c.confdeltype AS on_delete
FROM pg_constraint c
JOIN pg_class t1 ON c.conrelid = t1.oid
JOIN pg_class t2 ON c.confrelid = t2.oid
JOIN pg_attribute a1 ON a1.attnum = c.conkey[1] AND a1.attrelid = t1.oid
JOIN pg_attribute a2 ON a2.attnum = c.confkey[1] AND a2.attrelid = t2.oid
JOIN pg_namespace t3 ON c.connamespace = t3.oid
WHERE c.contype = 'f'
  AND t1.relname = 'budget_import_services'
  AND t3.nspname = ANY (current_schemas(false))
ORDER BY c.conname

  [1m[36m (1.5ms)[0m  [1mSELECT t2.oid::regclass::text AS to_table, a1.attname AS column, a2.attname AS primary_key, c.conname AS name, c.confupdtype AS on_update, c.confdeltype AS on_delete
FROM pg_constraint c
JOIN pg_class t1 ON c.conrelid = t1.oid
JOIN pg_class t2 ON c.confrelid = t2.oid
JOIN pg_attribute a1 ON a1.attnum = c.conkey[1] AND a1.attrelid = t1.oid
JOIN pg_attribute a2 ON a2.attnum = c.confkey[1] AND a2.attrelid = t2.oid
JOIN pg_namespace t3 ON c.connamespace = t3.oid
WHERE c.contype = 'f'
  AND t1.relname = 'budget_importable_accounts'
  AND t3.nspname = ANY (current_schemas(false))
ORDER BY c.conname
[0m
  [1m[35m (1.6ms)[0m  SELECT t2.oid::regclass::text AS to_table, a1.attname AS column, a2.attname AS primary_key, c.conname AS name, c.confupdtype AS on_update, c.confdeltype AS on_delete
FROM pg_constraint c
JOIN pg_class t1 ON c.conrelid = t1.oid
JOIN pg_class t2 ON c.confrelid = t2.oid
JOIN pg_attribute a1 ON a1.attnum = c.conkey[1] AND a1.attrelid = t1.oid
JOIN pg_attribute a2 ON a2.attnum = c.confkey[1] AND a2.attrelid = t2.oid
JOIN pg_namespace t3 ON c.connamespace = t3.oid
WHERE c.contype = 'f'
  AND t1.relname = 'budget_importable_categories'
  AND t3.nspname = ANY (current_schemas(false))
ORDER BY c.conname

  [1m[36m (1.5ms)[0m  [1mSELECT t2.oid::regclass::text AS to_table, a1.attname AS column, a2.attname AS primary_key, c.conname AS name, c.confupdtype AS on_update, c.confdeltype AS on_delete
FROM pg_constraint c
JOIN pg_class t1 ON c.conrelid = t1.oid
JOIN pg_class t2 ON c.confrelid = t2.oid
JOIN pg_attribute a1 ON a1.attnum = c.conkey[1] AND a1.attrelid = t1.oid
JOIN pg_attribute a2 ON a2.attnum = c.confkey[1] AND a2.attrelid = t2.oid
JOIN pg_namespace t3 ON c.connamespace = t3.oid
WHERE c.contype = 'f'
  AND t1.relname = 'budget_importable_transactions'
  AND t3.nspname = ANY (current_schemas(false))
ORDER BY c.conname
[0m
  [1m[35m (1.6ms)[0m  SELECT t2.oid::regclass::text AS to_table, a1.attname AS column, a2.attname AS primary_key, c.conname AS name, c.confupdtype AS on_update, c.confdeltype AS on_delete
FROM pg_constraint c
JOIN pg_class t1 ON c.conrelid = t1.oid
JOIN pg_class t2 ON c.confrelid = t2.oid
JOIN pg_attribute a1 ON a1.attnum = c.conkey[1] AND a1.attrelid = t1.oid
JOIN pg_attribute a2 ON a2.attnum = c.confkey[1] AND a2.attrelid = t2.oid
JOIN pg_namespace t3 ON c.connamespace = t3.oid
WHERE c.contype = 'f'
  AND t1.relname = 'budget_preferences'
  AND t3.nspname = ANY (current_schemas(false))
ORDER BY c.conname

  [1m[36m (1.5ms)[0m  [1mSELECT t2.oid::regclass::text AS to_table, a1.attname AS column, a2.attname AS primary_key, c.conname AS name, c.confupdtype AS on_update, c.confdeltype AS on_delete
FROM pg_constraint c
JOIN pg_class t1 ON c.conrelid = t1.oid
JOIN pg_class t2 ON c.confrelid = t2.oid
JOIN pg_attribute a1 ON a1.attnum = c.conkey[1] AND a1.attrelid = t1.oid
JOIN pg_attribute a2 ON a2.attnum = c.confkey[1] AND a2.attrelid = t2.oid
JOIN pg_namespace t3 ON c.connamespace = t3.oid
WHERE c.contype = 'f'
  AND t1.relname = 'budget_transactions'
  AND t3.nspname = ANY (current_schemas(false))
ORDER BY c.conname
[0m
